<?xml version="1.0" encoding="UTF-8"?>
<!-- Generated by org.testng.reporters.JUnitReportReporter -->
<testsuite hostname="FAMOLD1914" failures="0" tests="1" name="CheckExistingPetTest" time="2.757" errors="0" timestamp="21 Mar 2024 10:51:27 GMT" skipped="0">
  <testcase classname="CheckExistingPetTest" name="checkExistingSimplePet" time="2.757"/>
</testsuite> <!-- CheckExistingPetTest -->
