<?xml version="1.0" encoding="UTF-8"?>
<!-- Generated by org.testng.reporters.JUnitReportReporter -->
<testsuite hostname="FAMOLD1914" failures="0" tests="2" name="AddNewPetTest" time="5.293" errors="0" timestamp="21 Mar 2024 10:51:27 GMT" skipped="0">
  <testcase classname="AddNewPetTest" name="checkPositivePostSimplePet" time="1.346"/>
  <testcase classname="AddNewPetTest" name="checkPositivePostFullPet" time="3.947"/>
</testsuite> <!-- AddNewPetTest -->
